-------------------------------------------------------------------------------
Test set: com.gdu.MoneyTest
-------------------------------------------------------------------------------
Tests run: 2, Failures: 1, Errors: 0, Skipped: 0, Time elapsed: 0.015 s <<< FAILURE! - in com.gdu.MoneyTest
testSoSanhMenhGia  Time elapsed: 0.01 s  <<< FAILURE!
org.opentest4j.AssertionFailedError: expected: <com.gdu.Dollar@2dd80673> but was: <com.gdu.Dollar@4af0df05>
	at com.gdu.MoneyTest.testSoSanhMenhGia(MoneyTest.java:28)

